-------------------------------------------------------------------------------
Test set: com.mockito.Test06Matchers
-------------------------------------------------------------------------------
Tests run: 1, Failures: 1, Errors: 0, Skipped: 0, Time elapsed: 0.340 s <<< FAILURE! -- in com.mockito.Test06Matchers
com.mockito.Test06Matchers.should_NotCompleteRenting_When_PriceTooHigh -- Time elapsed: 0.329 s <<< FAILURE!
org.opentest4j.AssertionFailedError: Unexpected exception type thrown, expected: <com.mockito.BusinessException> but was: <java.lang.IllegalStateException>
	at org.junit.jupiter.api.AssertionFailureBuilder.build(AssertionFailureBuilder.java:151)
	at org.junit.jupiter.api.AssertThrows.assertThrows(AssertThrows.java:67)
	at org.junit.jupiter.api.AssertThrows.assertThrows(AssertThrows.java:35)
	at org.junit.jupiter.api.Assertions.assertThrows(Assertions.java:3128)
	at com.mockito.Test06Matchers.should_NotCompleteRenting_When_PriceTooHigh(Test06Matchers.java:32)
	at java.base/java.lang.reflect.Method.invoke(Method.java:580)
	at java.base/java.util.ArrayList.forEach(ArrayList.java:1597)
	at java.base/java.util.ArrayList.forEach(ArrayList.java:1597)
Caused by: java.lang.IllegalStateException: No available book found for the request
	at com.mockito.RentingService.makeBooking(RentingService.java:46)
	at com.mockito.Test06Matchers.lambda$should_NotCompleteRenting_When_PriceTooHigh$0(Test06Matchers.java:31)
	at org.junit.jupiter.api.AssertThrows.assertThrows(AssertThrows.java:53)
	... 6 more

